<?xml version="1.0" encoding="UTF-8"?>
<!-- Generated by org.testng.reporters.JUnitReportReporter -->
<testsuite hostname="Ideas2IT" failures="0" tests="1" name="com.leaftaps.testcases.TC001_JustLogin" time="26.267" errors="0" timestamp="2025-03-04T06:57:31 IST" skipped="0">
  <testcase classname="com.leaftaps.testcases.TC001_JustLogin" name="runLogin" time="26.267"/>
  <system-out/>
</testsuite> <!-- com.leaftaps.testcases.TC001_JustLogin -->
